[2021-02-23 12:21:30] local.ERROR: Too many arguments, expected arguments "command". {"exception":"[object] (Symfony\\Component\\Console\\Exception\\RuntimeException(code: 0): Too many arguments, expected arguments \"command\". at D:\\xampp\\htdocs\\multi_vendor_ecommerce\\vendor\\symfony\\console\\Input\\ArgvInput.php:174)
[stacktrace]
#0 D:\\xampp\\htdocs\\multi_vendor_ecommerce\\vendor\\symfony\\console\\Input\\ArgvInput.php(85): Symfony\\Component\\Console\\Input\\ArgvInput->parseArgument('brands')
#1 D:\\xampp\\htdocs\\multi_vendor_ecommerce\\vendor\\symfony\\console\\Input\\Input.php(55): Symfony\\Component\\Console\\Input\\ArgvInput->parse()
#2 D:\\xampp\\htdocs\\multi_vendor_ecommerce\\vendor\\symfony\\console\\Command\\Command.php(214): Symfony\\Component\\Console\\Input\\Input->bind(Object(Symfony\\Component\\Console\\Input\\InputDefinition))
#3 D:\\xampp\\htdocs\\multi_vendor_ecommerce\\vendor\\laravel\\framework\\src\\Illuminate\\Console\\Command.php(170): Symfony\\Component\\Console\\Command\\Command->run(Object(Symfony\\Component\\Console\\Input\\ArgvInput), Object(Illuminate\\Console\\OutputStyle))
#4 D:\\xampp\\htdocs\\multi_vendor_ecommerce\\vendor\\symfony\\console\\Application.php(1005): Illuminate\\Console\\Command->run(Object(Symfony\\Component\\Console\\Input\\ArgvInput), Object(Symfony\\Component\\Console\\Output\\ConsoleOutput))
#5 D:\\xampp\\htdocs\\multi_vendor_ecommerce\\vendor\\symfony\\console\\Application.php(271): Symfony\\Component\\Console\\Application->doRunCommand(Object(Illuminate\\Database\\Console\\Migrations\\MigrateCommand), Object(Symfony\\Component\\Console\\Input\\ArgvInput), Object(Symfony\\Component\\Console\\Output\\ConsoleOutput))
#6 D:\\xampp\\htdocs\\multi_vendor_ecommerce\\vendor\\symfony\\console\\Application.php(147): Symfony\\Component\\Console\\Application->doRun(Object(Symfony\\Component\\Console\\Input\\ArgvInput), Object(Symfony\\Component\\Console\\Output\\ConsoleOutput))
#7 D:\\xampp\\htdocs\\multi_vendor_ecommerce\\vendor\\laravel\\framework\\src\\Illuminate\\Console\\Application.php(90): Symfony\\Component\\Console\\Application->run(Object(Symfony\\Component\\Console\\Input\\ArgvInput), Object(Symfony\\Component\\Console\\Output\\ConsoleOutput))
#8 D:\\xampp\\htdocs\\multi_vendor_ecommerce\\vendor\\laravel\\framework\\src\\Illuminate\\Foundation\\Console\\Kernel.php(133): Illuminate\\Console\\Application->run(Object(Symfony\\Component\\Console\\Input\\ArgvInput), Object(Symfony\\Component\\Console\\Output\\ConsoleOutput))
#9 D:\\xampp\\htdocs\\multi_vendor_ecommerce\\artisan(37): Illuminate\\Foundation\\Console\\Kernel->handle(Object(Symfony\\Component\\Console\\Input\\ArgvInput), Object(Symfony\\Component\\Console\\Output\\ConsoleOutput))
#10 {main}
"} 
[2021-02-23 12:21:38] local.ERROR: SQLSTATE[42S01]: Base table or view already exists: 1050 Table 'users' already exists (SQL: create table `users` (`id` bigint unsigned not null auto_increment primary key, `name` varchar(255) not null, `email` varchar(255) not null, `email_verified_at` timestamp null, `password` varchar(255) not null, `remember_token` varchar(100) null, `created_at` timestamp null, `updated_at` timestamp null) default character set utf8mb4 collate 'utf8mb4_unicode_ci') {"exception":"[object] (Illuminate\\Database\\QueryException(code: 42S01): SQLSTATE[42S01]: Base table or view already exists: 1050 Table 'users' already exists (SQL: create table `users` (`id` bigint unsigned not null auto_increment primary key, `name` varchar(255) not null, `email` varchar(255) not null, `email_verified_at` timestamp null, `password` varchar(255) not null, `remember_token` varchar(100) null, `created_at` timestamp null, `updated_at` timestamp null) default character set utf8mb4 collate 'utf8mb4_unicode_ci') at D:\\xampp\\htdocs\\multi_vendor_ecommerce\\vendor\\laravel\\framework\\src\\Illuminate\\Database\\Connection.php:664, PDOException(code: 42S01): SQLSTATE[42S01]: Base table or view already exists: 1050 Table 'users' already exists at D:\\xampp\\htdocs\\multi_vendor_ecommerce\\vendor\\laravel\\framework\\src\\Illuminate\\Database\\Connection.php:458)
[stacktrace]
#0 D:\\xampp\\htdocs\\multi_vendor_ecommerce\\vendor\\laravel\\framework\\src\\Illuminate\\Database\\Connection.php(624): Illuminate\\Database\\Connection->runQueryCallback('create table `u...', Array, Object(Closure))
#1 D:\\xampp\\htdocs\\multi_vendor_ecommerce\\vendor\\laravel\\framework\\src\\Illuminate\\Database\\Connection.php(459): Illuminate\\Database\\Connection->run('create table `u...', Array, Object(Closure))
#2 D:\\xampp\\htdocs\\multi_vendor_ecommerce\\vendor\\laravel\\framework\\src\\Illuminate\\Database\\Schema\\Blueprint.php(97): Illuminate\\Database\\Connection->statement('create table `u...')
#3 D:\\xampp\\htdocs\\multi_vendor_ecommerce\\vendor\\laravel\\framework\\src\\Illuminate\\Database\\Schema\\Builder.php(278): Illuminate\\Database\\Schema\\Blueprint->build(Object(Illuminate\\Database\\MySqlConnection), Object(Illuminate\\Database\\Schema\\Grammars\\MySqlGrammar))
#4 D:\\xampp\\htdocs\\multi_vendor_ecommerce\\vendor\\laravel\\framework\\src\\Illuminate\\Database\\Schema\\Builder.php(167): Illuminate\\Database\\Schema\\Builder->build(Object(Illuminate\\Database\\Schema\\Blueprint))
#5 D:\\xampp\\htdocs\\multi_vendor_ecommerce\\vendor\\laravel\\framework\\src\\Illuminate\\Support\\Facades\\Facade.php(239): Illuminate\\Database\\Schema\\Builder->create('users', Object(Closure))
#6 D:\\xampp\\htdocs\\multi_vendor_ecommerce\\database\\migrations\\2014_10_12_000000_create_users_table.php(24): Illuminate\\Support\\Facades\\Facade::__callStatic('create', Array)
#7 D:\\xampp\\htdocs\\multi_vendor_ecommerce\\vendor\\laravel\\framework\\src\\Illuminate\\Database\\Migrations\\Migrator.php(387): CreateUsersTable->up()
#8 D:\\xampp\\htdocs\\multi_vendor_ecommerce\\vendor\\laravel\\framework\\src\\Illuminate\\Database\\Migrations\\Migrator.php(396): Illuminate\\Database\\Migrations\\Migrator->Illuminate\\Database\\Migrations\\{closure}()
#9 D:\\xampp\\htdocs\\multi_vendor_ecommerce\\vendor\\laravel\\framework\\src\\Illuminate\\Database\\Migrations\\Migrator.php(197): Illuminate\\Database\\Migrations\\Migrator->runMigration(Object(CreateUsersTable), 'up')
#10 D:\\xampp\\htdocs\\multi_vendor_ecommerce\\vendor\\laravel\\framework\\src\\Illuminate\\Database\\Migrations\\Migrator.php(162): Illuminate\\Database\\Migrations\\Migrator->runUp('D:\\\\xampp\\\\htdocs...', 1, false)
#11 D:\\xampp\\htdocs\\multi_vendor_ecommerce\\vendor\\laravel\\framework\\src\\Illuminate\\Database\\Migrations\\Migrator.php(109): Illuminate\\Database\\Migrations\\Migrator->runPending(Array, Array)
#12 D:\\xampp\\htdocs\\multi_vendor_ecommerce\\vendor\\laravel\\framework\\src\\Illuminate\\Database\\Console\\Migrations\\MigrateCommand.php(71): Illuminate\\Database\\Migrations\\Migrator->run(Array, Array)
#13 [internal function]: Illuminate\\Database\\Console\\Migrations\\MigrateCommand->handle()
#14 D:\\xampp\\htdocs\\multi_vendor_ecommerce\\vendor\\laravel\\framework\\src\\Illuminate\\Container\\BoundMethod.php(32): call_user_func_array(Array, Array)
#15 D:\\xampp\\htdocs\\multi_vendor_ecommerce\\vendor\\laravel\\framework\\src\\Illuminate\\Container\\BoundMethod.php(90): Illuminate\\Container\\BoundMethod::Illuminate\\Container\\{closure}()
#16 D:\\xampp\\htdocs\\multi_vendor_ecommerce\\vendor\\laravel\\framework\\src\\Illuminate\\Container\\BoundMethod.php(34): Illuminate\\Container\\BoundMethod::callBoundMethod(Object(Illuminate\\Foundation\\Application), Array, Object(Closure))
#17 D:\\xampp\\htdocs\\multi_vendor_ecommerce\\vendor\\laravel\\framework\\src\\Illuminate\\Container\\Container.php(576): Illuminate\\Container\\BoundMethod::call(Object(Illuminate\\Foundation\\Application), Array, Array, NULL)
#18 D:\\xampp\\htdocs\\multi_vendor_ecommerce\\vendor\\laravel\\framework\\src\\Illuminate\\Console\\Command.php(183): Illuminate\\Container\\Container->call(Array)
#19 D:\\xampp\\htdocs\\multi_vendor_ecommerce\\vendor\\symfony\\console\\Command\\Command.php(255): Illuminate\\Console\\Command->execute(Object(Symfony\\Component\\Console\\Input\\ArgvInput), Object(Illuminate\\Console\\OutputStyle))
#20 D:\\xampp\\htdocs\\multi_vendor_ecommerce\\vendor\\laravel\\framework\\src\\Illuminate\\Console\\Command.php(170): Symfony\\Component\\Console\\Command\\Command->run(Object(Symfony\\Component\\Console\\Input\\ArgvInput), Object(Illuminate\\Console\\OutputStyle))
#21 D:\\xampp\\htdocs\\multi_vendor_ecommerce\\vendor\\symfony\\console\\Application.php(1005): Illuminate\\Console\\Command->run(Object(Symfony\\Component\\Console\\Input\\ArgvInput), Object(Symfony\\Component\\Console\\Output\\ConsoleOutput))
#22 D:\\xampp\\htdocs\\multi_vendor_ecommerce\\vendor\\symfony\\console\\Application.php(271): Symfony\\Component\\Console\\Application->doRunCommand(Object(Illuminate\\Database\\Console\\Migrations\\MigrateCommand), Object(Symfony\\Component\\Console\\Input\\ArgvInput), Object(Symfony\\Component\\Console\\Output\\ConsoleOutput))
#23 D:\\xampp\\htdocs\\multi_vendor_ecommerce\\vendor\\symfony\\console\\Application.php(147): Symfony\\Component\\Console\\Application->doRun(Object(Symfony\\Component\\Console\\Input\\ArgvInput), Object(Symfony\\Component\\Console\\Output\\ConsoleOutput))
#24 D:\\xampp\\htdocs\\multi_vendor_ecommerce\\vendor\\laravel\\framework\\src\\Illuminate\\Console\\Application.php(90): Symfony\\Component\\Console\\Application->run(Object(Symfony\\Component\\Console\\Input\\ArgvInput), Object(Symfony\\Component\\Console\\Output\\ConsoleOutput))
#25 D:\\xampp\\htdocs\\multi_vendor_ecommerce\\vendor\\laravel\\framework\\src\\Illuminate\\Foundation\\Console\\Kernel.php(133): Illuminate\\Console\\Application->run(Object(Symfony\\Component\\Console\\Input\\ArgvInput), Object(Symfony\\Component\\Console\\Output\\ConsoleOutput))
#26 D:\\xampp\\htdocs\\multi_vendor_ecommerce\\artisan(37): Illuminate\\Foundation\\Console\\Kernel->handle(Object(Symfony\\Component\\Console\\Input\\ArgvInput), Object(Symfony\\Component\\Console\\Output\\ConsoleOutput))
#27 {main}
"} 
[2021-02-23 12:22:33] local.ERROR: SQLSTATE[42S21]: Column already exists: 1060 Duplicate column name 'created_at' (SQL: create table `brands` (`id` bigint unsigned not null auto_increment primary key, `uuid` char(36) not null, `name` varchar(255) not null, `image_file` varchar(255) not null, `active` tinyint not null, `created_at` timestamp null, `updated_at` timestamp null, `created_by` int not null, `modified_by` int not null, `created_at` timestamp null, `updated_at` timestamp null) default character set utf8mb4 collate 'utf8mb4_unicode_ci') {"exception":"[object] (Illuminate\\Database\\QueryException(code: 42S21): SQLSTATE[42S21]: Column already exists: 1060 Duplicate column name 'created_at' (SQL: create table `brands` (`id` bigint unsigned not null auto_increment primary key, `uuid` char(36) not null, `name` varchar(255) not null, `image_file` varchar(255) not null, `active` tinyint not null, `created_at` timestamp null, `updated_at` timestamp null, `created_by` int not null, `modified_by` int not null, `created_at` timestamp null, `updated_at` timestamp null) default character set utf8mb4 collate 'utf8mb4_unicode_ci') at D:\\xampp\\htdocs\\multi_vendor_ecommerce\\vendor\\laravel\\framework\\src\\Illuminate\\Database\\Connection.php:664, PDOException(code: 42S21): SQLSTATE[42S21]: Column already exists: 1060 Duplicate column name 'created_at' at D:\\xampp\\htdocs\\multi_vendor_ecommerce\\vendor\\laravel\\framework\\src\\Illuminate\\Database\\Connection.php:458)
[stacktrace]
#0 D:\\xampp\\htdocs\\multi_vendor_ecommerce\\vendor\\laravel\\framework\\src\\Illuminate\\Database\\Connection.php(624): Illuminate\\Database\\Connection->runQueryCallback('create table `b...', Array, Object(Closure))
#1 D:\\xampp\\htdocs\\multi_vendor_ecommerce\\vendor\\laravel\\framework\\src\\Illuminate\\Database\\Connection.php(459): Illuminate\\Database\\Connection->run('create table `b...', Array, Object(Closure))
#2 D:\\xampp\\htdocs\\multi_vendor_ecommerce\\vendor\\laravel\\framework\\src\\Illuminate\\Database\\Schema\\Blueprint.php(97): Illuminate\\Database\\Connection->statement('create table `b...')
#3 D:\\xampp\\htdocs\\multi_vendor_ecommerce\\vendor\\laravel\\framework\\src\\Illuminate\\Database\\Schema\\Builder.php(278): Illuminate\\Database\\Schema\\Blueprint->build(Object(Illuminate\\Database\\MySqlConnection), Object(Illuminate\\Database\\Schema\\Grammars\\MySqlGrammar))
#4 D:\\xampp\\htdocs\\multi_vendor_ecommerce\\vendor\\laravel\\framework\\src\\Illuminate\\Database\\Schema\\Builder.php(167): Illuminate\\Database\\Schema\\Builder->build(Object(Illuminate\\Database\\Schema\\Blueprint))
#5 D:\\xampp\\htdocs\\multi_vendor_ecommerce\\vendor\\laravel\\framework\\src\\Illuminate\\Support\\Facades\\Facade.php(239): Illuminate\\Database\\Schema\\Builder->create('brands', Object(Closure))
#6 D:\\xampp\\htdocs\\multi_vendor_ecommerce\\database\\migrations\\2021_02_23_120931_create_brands_table.php(27): Illuminate\\Support\\Facades\\Facade::__callStatic('create', Array)
#7 D:\\xampp\\htdocs\\multi_vendor_ecommerce\\vendor\\laravel\\framework\\src\\Illuminate\\Database\\Migrations\\Migrator.php(387): CreateBrandsTable->up()
#8 D:\\xampp\\htdocs\\multi_vendor_ecommerce\\vendor\\laravel\\framework\\src\\Illuminate\\Database\\Migrations\\Migrator.php(396): Illuminate\\Database\\Migrations\\Migrator->Illuminate\\Database\\Migrations\\{closure}()
#9 D:\\xampp\\htdocs\\multi_vendor_ecommerce\\vendor\\laravel\\framework\\src\\Illuminate\\Database\\Migrations\\Migrator.php(197): Illuminate\\Database\\Migrations\\Migrator->runMigration(Object(CreateBrandsTable), 'up')
#10 D:\\xampp\\htdocs\\multi_vendor_ecommerce\\vendor\\laravel\\framework\\src\\Illuminate\\Database\\Migrations\\Migrator.php(162): Illuminate\\Database\\Migrations\\Migrator->runUp('D:\\\\xampp\\\\htdocs...', 1, false)
#11 D:\\xampp\\htdocs\\multi_vendor_ecommerce\\vendor\\laravel\\framework\\src\\Illuminate\\Database\\Migrations\\Migrator.php(109): Illuminate\\Database\\Migrations\\Migrator->runPending(Array, Array)
#12 D:\\xampp\\htdocs\\multi_vendor_ecommerce\\vendor\\laravel\\framework\\src\\Illuminate\\Database\\Console\\Migrations\\MigrateCommand.php(71): Illuminate\\Database\\Migrations\\Migrator->run(Array, Array)
#13 [internal function]: Illuminate\\Database\\Console\\Migrations\\MigrateCommand->handle()
#14 D:\\xampp\\htdocs\\multi_vendor_ecommerce\\vendor\\laravel\\framework\\src\\Illuminate\\Container\\BoundMethod.php(32): call_user_func_array(Array, Array)
#15 D:\\xampp\\htdocs\\multi_vendor_ecommerce\\vendor\\laravel\\framework\\src\\Illuminate\\Container\\BoundMethod.php(90): Illuminate\\Container\\BoundMethod::Illuminate\\Container\\{closure}()
#16 D:\\xampp\\htdocs\\multi_vendor_ecommerce\\vendor\\laravel\\framework\\src\\Illuminate\\Container\\BoundMethod.php(34): Illuminate\\Container\\BoundMethod::callBoundMethod(Object(Illuminate\\Foundation\\Application), Array, Object(Closure))
#17 D:\\xampp\\htdocs\\multi_vendor_ecommerce\\vendor\\laravel\\framework\\src\\Illuminate\\Container\\Container.php(576): Illuminate\\Container\\BoundMethod::call(Object(Illuminate\\Foundation\\Application), Array, Array, NULL)
#18 D:\\xampp\\htdocs\\multi_vendor_ecommerce\\vendor\\laravel\\framework\\src\\Illuminate\\Console\\Command.php(183): Illuminate\\Container\\Container->call(Array)
#19 D:\\xampp\\htdocs\\multi_vendor_ecommerce\\vendor\\symfony\\console\\Command\\Command.php(255): Illuminate\\Console\\Command->execute(Object(Symfony\\Component\\Console\\Input\\ArgvInput), Object(Illuminate\\Console\\OutputStyle))
#20 D:\\xampp\\htdocs\\multi_vendor_ecommerce\\vendor\\laravel\\framework\\src\\Illuminate\\Console\\Command.php(170): Symfony\\Component\\Console\\Command\\Command->run(Object(Symfony\\Component\\Console\\Input\\ArgvInput), Object(Illuminate\\Console\\OutputStyle))
#21 D:\\xampp\\htdocs\\multi_vendor_ecommerce\\vendor\\symfony\\console\\Application.php(1005): Illuminate\\Console\\Command->run(Object(Symfony\\Component\\Console\\Input\\ArgvInput), Object(Symfony\\Component\\Console\\Output\\ConsoleOutput))
#22 D:\\xampp\\htdocs\\multi_vendor_ecommerce\\vendor\\symfony\\console\\Application.php(271): Symfony\\Component\\Console\\Application->doRunCommand(Object(Illuminate\\Database\\Console\\Migrations\\MigrateCommand), Object(Symfony\\Component\\Console\\Input\\ArgvInput), Object(Symfony\\Component\\Console\\Output\\ConsoleOutput))
#23 D:\\xampp\\htdocs\\multi_vendor_ecommerce\\vendor\\symfony\\console\\Application.php(147): Symfony\\Component\\Console\\Application->doRun(Object(Symfony\\Component\\Console\\Input\\ArgvInput), Object(Symfony\\Component\\Console\\Output\\ConsoleOutput))
#24 D:\\xampp\\htdocs\\multi_vendor_ecommerce\\vendor\\laravel\\framework\\src\\Illuminate\\Console\\Application.php(90): Symfony\\Component\\Console\\Application->run(Object(Symfony\\Component\\Console\\Input\\ArgvInput), Object(Symfony\\Component\\Console\\Output\\ConsoleOutput))
#25 D:\\xampp\\htdocs\\multi_vendor_ecommerce\\vendor\\laravel\\framework\\src\\Illuminate\\Foundation\\Console\\Kernel.php(133): Illuminate\\Console\\Application->run(Object(Symfony\\Component\\Console\\Input\\ArgvInput), Object(Symfony\\Component\\Console\\Output\\ConsoleOutput))
#26 D:\\xampp\\htdocs\\multi_vendor_ecommerce\\artisan(37): Illuminate\\Foundation\\Console\\Kernel->handle(Object(Symfony\\Component\\Console\\Input\\ArgvInput), Object(Symfony\\Component\\Console\\Output\\ConsoleOutput))
#27 {main}
"} 
